<?xml version="1.0" encoding="UTF-8"?>
<!-- Generated by org.testng.reporters.JUnitXMLReporter -->
<testsuite hostname="DESKTOP-K3HQQHL" ignored="0" name="BankingApp Test" tests="1" failures="1" timestamp="13 May 2021 12:29:14 GMT" time="27.413" errors="0">
  <testcase name="addNewCustomer" time="16.504" classname="com.inetBanking.testCase.TC_AddCustomerTest_003">
    <failure type="java.lang.AssertionError" message="expected [true] but found [false]">
      <![CDATA[java.lang.AssertionError: expected [true] but found [false]
at com.inetBanking.testCase.TC_AddCustomerTest_003.addNewCustomer(TC_AddCustomerTest_003.java:63)
... Removed 29 stack frames]]>
    </failure>
  </testcase> <!-- addNewCustomer -->
</testsuite> <!-- BankingApp Test -->
